<?xml version="1.0" encoding="UTF-8"?>
<!-- Generated by org.testng.reporters.JUnitReportReporter -->
<testsuite hostname="DESKTOP-Q82LM5U" name="SeleniumTaskPOM" tests="1" failures="0" timestamp="2 Feb 2021 23:12:34 GMT" time="6.245" errors="0">
  <testcase name="AutoTest" time="6.245" classname="SeleniumTaskPOM"/>
</testsuite> <!-- SeleniumTaskPOM -->
